<?xml version="1.0" encoding="UTF-8"?>
<!-- Generated by org.testng.reporters.JUnitReportReporter -->
<testsuite hostname="KM98" failures="0" tests="1" name="testBase.TC01_LoginTest" time="1.890" errors="0" timestamp="2024-10-17T19:17:48 IST" skipped="0">
  <testcase classname="testBase.TC01_LoginTest" name="verify_account_login" time="1.890"/>
</testsuite> <!-- testBase.TC01_LoginTest -->
