<?xml version="1.0" encoding="UTF-8"?>
<!-- Generated by org.testng.reporters.JUnitReportReporter -->
<testsuite hostname="KM98" failures="0" tests="1" name="testCase.TC01_LoginTest" time="1.987" errors="0" timestamp="2024-10-21T19:46:28 IST" skipped="0">
  <testcase classname="testCase.TC01_LoginTest" name="verify_account_login" time="1.987"/>
</testsuite> <!-- testCase.TC01_LoginTest -->
