<?xml version="1.0" encoding="UTF-8"?>
<!-- Generated by org.testng.reporters.JUnitReportReporter -->
<testsuite hostname="KM98" failures="0" tests="1" name="testCase.TC02_ExpenseType_Test" time="14.881" errors="0" timestamp="2024-10-21T19:32:09 IST" skipped="0">
  <testcase classname="testCase.TC02_ExpenseType_Test" name="verify_expent_type" time="14.881"/>
</testsuite> <!-- testCase.TC02_ExpenseType_Test -->
