<?xml version="1.0" encoding="UTF-8"?>
<!-- Generated by org.testng.reporters.JUnitReportReporter -->
<testsuite hostname="KM98" failures="0" tests="1" name="testCase.TC01_LoginTest" time="1.857" errors="0" timestamp="2024-10-22T14:04:21 IST" skipped="0">
  <testcase classname="testCase.TC01_LoginTest" name="verify_account_login" time="1.857"/>
</testsuite> <!-- testCase.TC01_LoginTest -->
