<?xml version="1.0" encoding="UTF-8"?>
<!-- Generated by org.testng.reporters.JUnitReportReporter -->
<testsuite hostname="KM98" failures="0" tests="1" name="testCase.TC02_ExpenseType_Test" time="11.883" errors="0" timestamp="2024-10-21T21:30:59 IST" skipped="0">
  <testcase classname="testCase.TC02_ExpenseType_Test" name="verify_expent_type" time="11.883"/>
</testsuite> <!-- testCase.TC02_ExpenseType_Test -->
